[1.414s] Invoking command in '/home/jaredwensley/Documents/Dev/phnx_ws/src/road_detectors/obj_detector_cv': PYTHONPATH=/home/jaredwensley/Documents/Dev/phnx_ws/src/road_detectors/build/obj_detector_cv/prefix_override:/home/jaredwensley/Documents/Dev/phnx_ws/src/road_detectors/install/obj_detector_cv/lib/python3.10/site-packages:${PYTHONPATH} /usr/bin/python3 -W ignore:setup.py install is deprecated setup.py egg_info --egg-base ../build/obj_detector_cv build --build-base /home/jaredwensley/Documents/Dev/phnx_ws/src/road_detectors/build/obj_detector_cv/build install --record /home/jaredwensley/Documents/Dev/phnx_ws/src/road_detectors/build/obj_detector_cv/install.log --single-version-externally-managed install_data
[1.777s] running egg_info
[1.777s] creating ../build/obj_detector_cv/obj_detector_cv.egg-info
[1.778s] writing ../build/obj_detector_cv/obj_detector_cv.egg-info/PKG-INFO
[1.778s] writing dependency_links to ../build/obj_detector_cv/obj_detector_cv.egg-info/dependency_links.txt
[1.778s] writing entry points to ../build/obj_detector_cv/obj_detector_cv.egg-info/entry_points.txt
[1.778s] writing requirements to ../build/obj_detector_cv/obj_detector_cv.egg-info/requires.txt
[1.778s] writing top-level names to ../build/obj_detector_cv/obj_detector_cv.egg-info/top_level.txt
[1.778s] writing manifest file '../build/obj_detector_cv/obj_detector_cv.egg-info/SOURCES.txt'
[1.780s] reading manifest file '../build/obj_detector_cv/obj_detector_cv.egg-info/SOURCES.txt'
[1.781s] writing manifest file '../build/obj_detector_cv/obj_detector_cv.egg-info/SOURCES.txt'
[1.781s] running build
[1.781s] running build_py
[1.781s] creating /home/jaredwensley/Documents/Dev/phnx_ws/src/road_detectors/build/obj_detector_cv/build
[1.781s] creating /home/jaredwensley/Documents/Dev/phnx_ws/src/road_detectors/build/obj_detector_cv/build/lib
[1.781s] creating /home/jaredwensley/Documents/Dev/phnx_ws/src/road_detectors/build/obj_detector_cv/build/lib/obj_detector_cv
[1.782s] copying obj_detector_cv/__init__.py -> /home/jaredwensley/Documents/Dev/phnx_ws/src/road_detectors/build/obj_detector_cv/build/lib/obj_detector_cv
[1.782s] copying obj_detector_cv/obj_detector_cv.py -> /home/jaredwensley/Documents/Dev/phnx_ws/src/road_detectors/build/obj_detector_cv/build/lib/obj_detector_cv
[1.791s] running install
[1.791s] running install_lib
[1.792s] creating /home/jaredwensley/Documents/Dev/phnx_ws/src/road_detectors/install/obj_detector_cv/lib/python3.10/site-packages/obj_detector_cv
[1.792s] copying /home/jaredwensley/Documents/Dev/phnx_ws/src/road_detectors/build/obj_detector_cv/build/lib/obj_detector_cv/__init__.py -> /home/jaredwensley/Documents/Dev/phnx_ws/src/road_detectors/install/obj_detector_cv/lib/python3.10/site-packages/obj_detector_cv
[1.792s] copying /home/jaredwensley/Documents/Dev/phnx_ws/src/road_detectors/build/obj_detector_cv/build/lib/obj_detector_cv/obj_detector_cv.py -> /home/jaredwensley/Documents/Dev/phnx_ws/src/road_detectors/install/obj_detector_cv/lib/python3.10/site-packages/obj_detector_cv
[1.793s] byte-compiling /home/jaredwensley/Documents/Dev/phnx_ws/src/road_detectors/install/obj_detector_cv/lib/python3.10/site-packages/obj_detector_cv/__init__.py to __init__.cpython-310.pyc
[1.793s] byte-compiling /home/jaredwensley/Documents/Dev/phnx_ws/src/road_detectors/install/obj_detector_cv/lib/python3.10/site-packages/obj_detector_cv/obj_detector_cv.py to obj_detector_cv.cpython-310.pyc
[1.794s] running install_data
[1.794s] creating /home/jaredwensley/Documents/Dev/phnx_ws/src/road_detectors/install/obj_detector_cv/share/ament_index
[1.794s] creating /home/jaredwensley/Documents/Dev/phnx_ws/src/road_detectors/install/obj_detector_cv/share/ament_index/resource_index
[1.794s] creating /home/jaredwensley/Documents/Dev/phnx_ws/src/road_detectors/install/obj_detector_cv/share/ament_index/resource_index/packages
[1.794s] copying resource/obj_detector_cv -> /home/jaredwensley/Documents/Dev/phnx_ws/src/road_detectors/install/obj_detector_cv/share/ament_index/resource_index/packages
[1.794s] copying package.xml -> /home/jaredwensley/Documents/Dev/phnx_ws/src/road_detectors/install/obj_detector_cv/share/obj_detector_cv
[1.794s] running install_egg_info
[1.797s] Copying ../build/obj_detector_cv/obj_detector_cv.egg-info to /home/jaredwensley/Documents/Dev/phnx_ws/src/road_detectors/install/obj_detector_cv/lib/python3.10/site-packages/obj_detector_cv-0.0.0-py3.10.egg-info
[1.798s] running install_scripts
[1.825s] Installing obj_detector_cv script to /home/jaredwensley/Documents/Dev/phnx_ws/src/road_detectors/install/obj_detector_cv/lib/obj_detector_cv
[1.825s] writing list of installed files to '/home/jaredwensley/Documents/Dev/phnx_ws/src/road_detectors/build/obj_detector_cv/install.log'
[1.875s] Invoked command in '/home/jaredwensley/Documents/Dev/phnx_ws/src/road_detectors/obj_detector_cv' returned '0': PYTHONPATH=/home/jaredwensley/Documents/Dev/phnx_ws/src/road_detectors/build/obj_detector_cv/prefix_override:/home/jaredwensley/Documents/Dev/phnx_ws/src/road_detectors/install/obj_detector_cv/lib/python3.10/site-packages:${PYTHONPATH} /usr/bin/python3 -W ignore:setup.py install is deprecated setup.py egg_info --egg-base ../build/obj_detector_cv build --build-base /home/jaredwensley/Documents/Dev/phnx_ws/src/road_detectors/build/obj_detector_cv/build install --record /home/jaredwensley/Documents/Dev/phnx_ws/src/road_detectors/build/obj_detector_cv/install.log --single-version-externally-managed install_data
