/home/jaredwensley/Documents/Dev/phnx_ws/src/road_detectors/install/obj_detector_ai/lib/python3.10/site-packages/obj_detector_ai/image_publisher_node.py
/home/jaredwensley/Documents/Dev/phnx_ws/src/road_detectors/install/obj_detector_ai/lib/python3.10/site-packages/obj_detector_ai/image_publisher_node1.py
/home/jaredwensley/Documents/Dev/phnx_ws/src/road_detectors/install/obj_detector_ai/lib/python3.10/site-packages/obj_detector_ai/yolo_subscriber_node.py
/home/jaredwensley/Documents/Dev/phnx_ws/src/road_detectors/install/obj_detector_ai/lib/python3.10/site-packages/obj_detector_ai/__init__.py
/home/jaredwensley/Documents/Dev/phnx_ws/src/road_detectors/install/obj_detector_ai/lib/python3.10/site-packages/obj_detector_ai/obj_detector_ai.py
/home/jaredwensley/Documents/Dev/phnx_ws/src/road_detectors/install/obj_detector_ai/lib/python3.10/site-packages/obj_detector_ai/__pycache__/image_publisher_node.cpython-310.pyc
/home/jaredwensley/Documents/Dev/phnx_ws/src/road_detectors/install/obj_detector_ai/lib/python3.10/site-packages/obj_detector_ai/__pycache__/image_publisher_node1.cpython-310.pyc
/home/jaredwensley/Documents/Dev/phnx_ws/src/road_detectors/install/obj_detector_ai/lib/python3.10/site-packages/obj_detector_ai/__pycache__/yolo_subscriber_node.cpython-310.pyc
/home/jaredwensley/Documents/Dev/phnx_ws/src/road_detectors/install/obj_detector_ai/lib/python3.10/site-packages/obj_detector_ai/__pycache__/__init__.cpython-310.pyc
/home/jaredwensley/Documents/Dev/phnx_ws/src/road_detectors/install/obj_detector_ai/lib/python3.10/site-packages/obj_detector_ai/__pycache__/obj_detector_ai.cpython-310.pyc
/home/jaredwensley/Documents/Dev/phnx_ws/src/road_detectors/install/obj_detector_ai/share/ament_index/resource_index/packages/obj_detector_ai
/home/jaredwensley/Documents/Dev/phnx_ws/src/road_detectors/install/obj_detector_ai/share/obj_detector_ai/package.xml
/home/jaredwensley/Documents/Dev/phnx_ws/src/road_detectors/install/obj_detector_ai/lib/python3.10/site-packages/obj_detector_ai-0.0.0-py3.10.egg-info/PKG-INFO
/home/jaredwensley/Documents/Dev/phnx_ws/src/road_detectors/install/obj_detector_ai/lib/python3.10/site-packages/obj_detector_ai-0.0.0-py3.10.egg-info/entry_points.txt
/home/jaredwensley/Documents/Dev/phnx_ws/src/road_detectors/install/obj_detector_ai/lib/python3.10/site-packages/obj_detector_ai-0.0.0-py3.10.egg-info/top_level.txt
/home/jaredwensley/Documents/Dev/phnx_ws/src/road_detectors/install/obj_detector_ai/lib/python3.10/site-packages/obj_detector_ai-0.0.0-py3.10.egg-info/requires.txt
/home/jaredwensley/Documents/Dev/phnx_ws/src/road_detectors/install/obj_detector_ai/lib/python3.10/site-packages/obj_detector_ai-0.0.0-py3.10.egg-info/SOURCES.txt
/home/jaredwensley/Documents/Dev/phnx_ws/src/road_detectors/install/obj_detector_ai/lib/python3.10/site-packages/obj_detector_ai-0.0.0-py3.10.egg-info/dependency_links.txt
/home/jaredwensley/Documents/Dev/phnx_ws/src/road_detectors/install/obj_detector_ai/lib/python3.10/site-packages/obj_detector_ai-0.0.0-py3.10.egg-info/zip-safe
/home/jaredwensley/Documents/Dev/phnx_ws/src/road_detectors/install/obj_detector_ai/lib/obj_detector_ai/image_publisher_node1
/home/jaredwensley/Documents/Dev/phnx_ws/src/road_detectors/install/obj_detector_ai/lib/obj_detector_ai/obj_detector_ai
/home/jaredwensley/Documents/Dev/phnx_ws/src/road_detectors/install/obj_detector_ai/lib/obj_detector_ai/yolo_subscriber_node
